<?xml version="1.0" encoding="UTF-8"?>
<!-- Generated by org.testng.reporters.JUnitReportReporter -->
<testsuite hostname="DESKTOP-UP95368" failures="0" tests="4" name="sanity.GrafanaAPI" time="1.622" errors="0" timestamp="2022-07-03T13:38:06 IDT" skipped="0">
  <testcase classname="sanity.GrafanaAPI" name="test01_verifyTeam" time="1.323"/>
  <testcase classname="sanity.GrafanaAPI" name="test04_deleteTeamAndVerify" time="0.094"/>
  <testcase classname="sanity.GrafanaAPI" name="test03_updateTeamAndVerify" time="0.092"/>
  <testcase classname="sanity.GrafanaAPI" name="test02_addTeamAndVerify" time="0.113"/>
</testsuite> <!-- sanity.GrafanaAPI -->
