<?xml version="1.0" encoding="UTF-8"?>
<!-- Generated by org.testng.reporters.JUnitReportReporter -->
<testsuite hostname="DESKTOP-UP95368" failures="0" tests="9" name="sanity.GrafanaWeb" time="36.105" errors="0" timestamp="2022-07-04T14:22:59 IDT" skipped="0">
  <testcase classname="sanity.GrafanaWeb" name="Test07_SearchUsers" time="12.830"/>
  <testcase classname="sanity.GrafanaWeb" name="Test05_VerifyProgressSteps" time="0.395"/>
  <testcase classname="sanity.GrafanaWeb" name="Test02_VerifyDefaultUsers" time="0.657"/>
  <testcase classname="sanity.GrafanaWeb" name="Test06_VerifyAvatarIcon" time="0.742"/>
  <testcase classname="sanity.GrafanaWeb" name="Test01_VerifyHeader" time="1.159"/>
  <testcase classname="sanity.GrafanaWeb" name="Test03_VerifyNewUser" time="1.167"/>
  <testcase classname="sanity.GrafanaWeb" name="Test04_VerifyNewUserDelete" time="1.979"/>
  <testcase classname="sanity.GrafanaWeb" name="Test07_SearchUsers" time="3.870"/>
  <testcase classname="sanity.GrafanaWeb" name="Test07_SearchUsers" time="13.306"/>
</testsuite> <!-- sanity.GrafanaWeb -->
