<?xml version="1.0" encoding="UTF-8"?>
<!-- Generated by org.testng.reporters.JUnitReportReporter -->
<testsuite hostname="DESKTOP-UP95368" failures="0" tests="9" name="sanity.GrafanaWeb" time="37.137" errors="0" timestamp="2022-07-01T13:45:20 IDT" skipped="0">
  <testcase classname="sanity.GrafanaWeb" name="Test05_VerifyProgressSteps" time="0.446"/>
  <testcase classname="sanity.GrafanaWeb" name="Test06_VerifyAvatarIcon" time="0.939"/>
  <testcase classname="sanity.GrafanaWeb" name="Test01_VerifyHeader" time="1.525"/>
  <testcase classname="sanity.GrafanaWeb" name="Test02_VerifyDefaultUsers" time="0.703"/>
  <testcase classname="sanity.GrafanaWeb" name="Test07_SearchUsers" time="12.877"/>
  <testcase classname="sanity.GrafanaWeb" name="Test07_SearchUsers" time="3.896"/>
  <testcase classname="sanity.GrafanaWeb" name="Test03_VerifyNewUser" time="1.247"/>
  <testcase classname="sanity.GrafanaWeb" name="Test04_VerifyNewUserDelete" time="2.134"/>
  <testcase classname="sanity.GrafanaWeb" name="Test07_SearchUsers" time="13.370"/>
</testsuite> <!-- sanity.GrafanaWeb -->
