<?xml version="1.0" encoding="UTF-8"?>
<!-- Generated by org.testng.reporters.JUnitReportReporter -->
<testsuite hostname="DESKTOP-UP95368" failures="0" tests="2" name="sanity.ToDoListElectron" time="7.578" errors="0" timestamp="2022-07-03T13:38:15 IDT" skipped="0">
  <testcase classname="sanity.ToDoListElectron" name="test01_addAndVerifyNewTask" time="2.134"/>
  <testcase classname="sanity.ToDoListElectron" name="test02_addAndVerifyNewTasks" time="5.444"/>
</testsuite> <!-- sanity.ToDoListElectron -->
