<?xml version="1.0" encoding="UTF-8"?>
<!-- Generated by org.testng.reporters.JUnitReportReporter -->
<testsuite hostname="DESKTOP-UP95368" failures="0" tests="4" name="sanity.GrafanaAPI" time="1.627" errors="0" timestamp="2022-07-04T14:22:11 IDT" skipped="0">
  <testcase classname="sanity.GrafanaAPI" name="test02_addTeamAndVerify" time="0.117"/>
  <testcase classname="sanity.GrafanaAPI" name="test01_verifyTeam" time="1.322"/>
  <testcase classname="sanity.GrafanaAPI" name="test04_deleteTeamAndVerify" time="0.091"/>
  <testcase classname="sanity.GrafanaAPI" name="test03_updateTeamAndVerify" time="0.097"/>
</testsuite> <!-- sanity.GrafanaAPI -->
